2024-07-14T09:43:32.746Z - ReferenceError: messageController is not defined
    at Socket.<anonymous> (C:\Users\Kim Dong Hyun\Desktop\mvc\server.js:73:7)
    at Socket.emit (node:events:514:28)
    at Socket.emitUntyped (C:\Users\Kim Dong Hyun\Desktop\mvc\node_modules\socket.io\dist\typed-events.js:69:22)
    at C:\Users\Kim Dong Hyun\Desktop\mvc\node_modules\socket.io\dist\socket.js:704:39
    at process.processTicksAndRejections (node:internal/process/task_queues:77:11)
2024-07-14T09:43:33.468Z - ReferenceError: messageController is not defined
    at Socket.<anonymous> (C:\Users\Kim Dong Hyun\Desktop\mvc\server.js:73:7)
    at Socket.emit (node:events:514:28)
    at Socket.emitUntyped (C:\Users\Kim Dong Hyun\Desktop\mvc\node_modules\socket.io\dist\typed-events.js:69:22)
    at C:\Users\Kim Dong Hyun\Desktop\mvc\node_modules\socket.io\dist\socket.js:704:39
    at process.processTicksAndRejections (node:internal/process/task_queues:77:11)
2024-07-14T09:43:33.972Z - ReferenceError: messageController is not defined
    at Socket.<anonymous> (C:\Users\Kim Dong Hyun\Desktop\mvc\server.js:73:7)
    at Socket.emit (node:events:514:28)
    at Socket.emitUntyped (C:\Users\Kim Dong Hyun\Desktop\mvc\node_modules\socket.io\dist\typed-events.js:69:22)
    at C:\Users\Kim Dong Hyun\Desktop\mvc\node_modules\socket.io\dist\socket.js:704:39
    at process.processTicksAndRejections (node:internal/process/task_queues:77:11)
2024-07-14T09:43:34.344Z - ReferenceError: messageController is not defined
    at Socket.<anonymous> (C:\Users\Kim Dong Hyun\Desktop\mvc\server.js:73:7)
    at Socket.emit (node:events:514:28)
    at Socket.emitUntyped (C:\Users\Kim Dong Hyun\Desktop\mvc\node_modules\socket.io\dist\typed-events.js:69:22)
    at C:\Users\Kim Dong Hyun\Desktop\mvc\node_modules\socket.io\dist\socket.js:704:39
    at process.processTicksAndRejections (node:internal/process/task_queues:77:11)
2024-07-14T09:44:57.878Z - TypeError: messageRoutes.saveMessage is not a function
    at Socket.<anonymous> (C:\Users\Kim Dong Hyun\Desktop\mvc\server.js:73:27)
    at Socket.emit (node:events:514:28)
    at Socket.emitUntyped (C:\Users\Kim Dong Hyun\Desktop\mvc\node_modules\socket.io\dist\typed-events.js:69:22)
    at C:\Users\Kim Dong Hyun\Desktop\mvc\node_modules\socket.io\dist\socket.js:704:39
    at process.processTicksAndRejections (node:internal/process/task_queues:77:11)
2024-07-14T09:47:29.918Z - ReferenceError: messageController is not defined
    at Socket.<anonymous> (C:\Users\Kim Dong Hyun\Desktop\mvc\server.js:73:7)
    at Socket.emit (node:events:514:28)
    at Socket.emitUntyped (C:\Users\Kim Dong Hyun\Desktop\mvc\node_modules\socket.io\dist\typed-events.js:69:22)
    at C:\Users\Kim Dong Hyun\Desktop\mvc\node_modules\socket.io\dist\socket.js:704:39
    at process.processTicksAndRejections (node:internal/process/task_queues:77:11)
